NOTICE:  Handled error in augur_data.issues for repo_id 151002: duplicate key value violates unique constraint "unique-issue"
NOTICE:  Handled error in augur_data.repo_deps_scorecard for repo_id 39032: duplicate key value violates unique constraint "deps-scorecard-insert-unique"
NOTICE:  Handled error in augur_data.repo_dependencies for repo_id 39032: duplicate key value violates unique constraint "deps-insert-unique"
NOTICE:  Handled error in augur_data.repo_deps_scorecard for repo_id 39546: duplicate key value violates unique constraint "deps-scorecard-insert-unique"
NOTICE:  Handled error in augur_data.repo_deps_scorecard for repo_id 39407: duplicate key value violates unique constraint "deps-scorecard-insert-unique"
NOTICE:  Handled error in augur_data.repo_deps_scorecard for repo_id 40747: duplicate key value violates unique constraint "deps-scorecard-insert-unique"
NOTICE:  Handled error in augur_data.repo_deps_scorecard for repo_id 50998: duplicate key value violates unique constraint "deps-scorecard-insert-unique"
NOTICE:  Handled error in augur_data.repo_deps_scorecard for repo_id 39535: duplicate key value violates unique constraint "deps-scorecard-insert-unique"
NOTICE:  Handled error in augur_data.repo_deps_scorecard for repo_id 39530: duplicate key value violates unique constraint "deps-scorecard-insert-unique"
NOTICE:  Handled error in augur_data.repo_deps_scorecard for repo_id 39536: duplicate key value violates unique constraint "deps-scorecard-insert-unique"
NOTICE:  Handled error in augur_data.repo_deps_scorecard for repo_id 165689: duplicate key value violates unique constraint "deps-scorecard-insert-unique"
NOTICE:  Handled error in augur_data.repo_deps_scorecard for repo_id 56310: duplicate key value violates unique constraint "deps-scorecard-insert-unique"
NOTICE:  Handled error in augur_data.repo_deps_scorecard for repo_id 139277: duplicate key value violates unique constraint "deps-scorecard-insert-unique"
NOTICE:  Handled error in augur_data.repo_deps_scorecard for repo_id 165696: duplicate key value violates unique constraint "deps-scorecard-insert-unique"
NOTICE:  Handled error in augur_data.repo_deps_scorecard for repo_id 52764: duplicate key value violates unique constraint "deps-scorecard-insert-unique"
NOTICE:  Handled error in augur_data.repo_deps_libyear for repo_id 52691: duplicate key value violates unique constraint "deps-libyear-insert-unique"
NOTICE:  Handled error in augur_data.repo_deps_scorecard for repo_id 52691: duplicate key value violates unique constraint "deps-scorecard-insert-unique"
NOTICE:  Handled error in augur_data.repo_dependencies for repo_id 52691: duplicate key value violates unique constraint "deps-insert-unique"
NOTICE:  Handled error in augur_data.repo_deps_scorecard for repo_id 53002: duplicate key value violates unique constraint "deps-scorecard-insert-unique"
NOTICE:  Handled error in augur_data.repo_deps_scorecard for repo_id 53204: duplicate key value violates unique constraint "deps-scorecard-insert-unique"
NOTICE:  Handled error in augur_data.repo_deps_scorecard for repo_id 53198: duplicate key value violates unique constraint "deps-scorecard-insert-unique"
NOTICE:  Handled error in augur_data.repo_dependencies for repo_id 53198: duplicate key value violates unique constraint "deps-insert-unique"
NOTICE:  Handled error in augur_data.repo_deps_scorecard for repo_id 53216: duplicate key value violates unique constraint "deps-scorecard-insert-unique"
NOTICE:  Handled error in augur_data.repo_deps_scorecard for repo_id 36439: duplicate key value violates unique constraint "deps-scorecard-insert-unique"
NOTICE:  Handled error in augur_data.repo_deps_scorecard for repo_id 53180: duplicate key value violates unique constraint "deps-scorecard-insert-unique"
NOTICE:  Handled error in augur_data.repo_deps_scorecard for repo_id 51297: duplicate key value violates unique constraint "deps-scorecard-insert-unique"
NOTICE:  Handled error in augur_data.repo_deps_scorecard for repo_id 47542: duplicate key value violates unique constraint "deps-scorecard-insert-unique"
NOTICE:  Handled error in augur_data.repo_deps_scorecard for repo_id 55398: duplicate key value violates unique constraint "deps-scorecard-insert-unique"
NOTICE:  Handled error in augur_data.repo_deps_libyear for repo_id 57754: duplicate key value violates unique constraint "deps-libyear-insert-unique"
NOTICE:  Handled error in augur_data.repo_deps_scorecard for repo_id 57754: duplicate key value violates unique constraint "deps-scorecard-insert-unique"
NOTICE:  Handled error in augur_data.repo_dependencies for repo_id 57754: duplicate key value violates unique constraint "deps-insert-unique"
NOTICE:  Handled error in augur_data.repo_deps_scorecard for repo_id 244334: duplicate key value violates unique constraint "deps-scorecard-insert-unique"
NOTICE:  Handled error in augur_data.repo_deps_scorecard for repo_id 57782: duplicate key value violates unique constraint "deps-scorecard-insert-unique"
NOTICE:  Handled error in augur_data.repo_deps_scorecard for repo_id 57784: duplicate key value violates unique constraint "deps-scorecard-insert-unique"
NOTICE:  Handled error in augur_data.repo_deps_scorecard for repo_id 132142: duplicate key value violates unique constraint "deps-scorecard-insert-unique"
NOTICE:  Handled error in augur_data.repo_dependencies for repo_id 132142: duplicate key value violates unique constraint "deps-insert-unique"
NOTICE:  Handled error in augur_data.repo_deps_scorecard for repo_id 138639: duplicate key value violates unique constraint "deps-scorecard-insert-unique"
NOTICE:  Handled error in augur_data.repo_deps_scorecard for repo_id 138641: duplicate key value violates unique constraint "deps-scorecard-insert-unique"
NOTICE:  Handled error in augur_data.repo_deps_scorecard for repo_id 138685: duplicate key value violates unique constraint "deps-scorecard-insert-unique"
NOTICE:  Handled error in augur_data.repo_deps_scorecard for repo_id 39509: duplicate key value violates unique constraint "deps-scorecard-insert-unique"
NOTICE:  Handled error in augur_data.repo_deps_scorecard for repo_id 39528: duplicate key value violates unique constraint "deps-scorecard-insert-unique"
NOTICE:  Handled error in augur_data.repo_deps_scorecard for repo_id 52632: duplicate key value violates unique constraint "deps-scorecard-insert-unique"
NOTICE:  Handled error in augur_data.repo_deps_scorecard for repo_id 39505: duplicate key value violates unique constraint "deps-scorecard-insert-unique"
NOTICE:  Handled error in augur_data.repo_deps_scorecard for repo_id 138692: duplicate key value violates unique constraint "deps-scorecard-insert-unique"
NOTICE:  Handled error in augur_data.repo_deps_scorecard for repo_id 138707: duplicate key value violates unique constraint "deps-scorecard-insert-unique"
NOTICE:  Handled error in augur_data.repo_deps_scorecard for repo_id 138708: duplicate key value violates unique constraint "deps-scorecard-insert-unique"
NOTICE:  Fallback delete from augur_data.pull_requests for repo_id 257479 failed: update or delete on table "pull_request_reviews" violates foreign key constraint "fk_pull_request_review_message_ref_pull_request_reviews_1" on table "pull_request_review_message_ref"
NOTICE:  Handled error in augur_data.pull_requests for repo_id 257479: duplicate key value violates unique constraint "unique-pr"
NOTICE:  Handled error in augur_data.repo_deps_scorecard for repo_id 257479: duplicate key value violates unique constraint "deps-scorecard-insert-unique"
NOTICE:  Fallback delete from augur_data.repo for repo_id 257479 failed: update or delete on table "pull_request_reviews" violates foreign key constraint "fk_pull_request_review_message_ref_pull_request_reviews_1" on table "pull_request_review_message_ref"
NOTICE:  Handled error in augur_data.repo for repo_id 257479: update or delete on table "pull_request_reviews" violates foreign key constraint "fk_pull_request_review_message_ref_pull_request_reviews_1" on table "pull_request_review_message_ref"
NOTICE:  Handled error in augur_data.repo_deps_scorecard for repo_id 138694: duplicate key value violates unique constraint "deps-scorecard-insert-unique"
NOTICE:  Handled error in augur_data.repo_deps_scorecard for repo_id 138710: duplicate key value violates unique constraint "deps-scorecard-insert-unique"
NOTICE:  Handled error in augur_data.repo_deps_scorecard for repo_id 138711: duplicate key value violates unique constraint "deps-scorecard-insert-unique"
NOTICE:  Handled error in augur_data.repo_deps_scorecard for repo_id 138704: duplicate key value violates unique constraint "deps-scorecard-insert-unique"
NOTICE:  Handled error in augur_data.repo_deps_scorecard for repo_id 40887: duplicate key value violates unique constraint "deps-scorecard-insert-unique"
NOTICE:  Handled error in augur_data.repo_deps_scorecard for repo_id 51703: duplicate key value violates unique constraint "deps-scorecard-insert-unique"
NOTICE:  Handled error in augur_data.repo_deps_scorecard for repo_id 52630: duplicate key value violates unique constraint "deps-scorecard-insert-unique"
NOTICE:  Handled error in augur_data.repo_deps_scorecard for repo_id 52266: duplicate key value violates unique constraint "deps-scorecard-insert-unique"
NOTICE:  Handled error in augur_data.repo_deps_scorecard for repo_id 51325: duplicate key value violates unique constraint "deps-scorecard-insert-unique"
NOTICE:  Handled error in augur_data.repo_deps_scorecard for repo_id 138663: duplicate key value violates unique constraint "deps-scorecard-insert-unique"
NOTICE:  Handled error in augur_data.repo_deps_scorecard for repo_id 131491: duplicate key value violates unique constraint "deps-scorecard-insert-unique"
NOTICE:  Handled error in augur_data.repo_deps_scorecard for repo_id 138687: duplicate key value violates unique constraint "deps-scorecard-insert-unique"
NOTICE:  Handled error in augur_data.repo_deps_scorecard for repo_id 138636: duplicate key value violates unique constraint "deps-scorecard-insert-unique"
NOTICE:  Handled error in augur_data.repo_deps_scorecard for repo_id 138670: duplicate key value violates unique constraint "deps-scorecard-insert-unique"
NOTICE:  Handled error in augur_data.repo_deps_scorecard for repo_id 138678: duplicate key value violates unique constraint "deps-scorecard-insert-unique"
NOTICE:  Handled error in augur_data.repo_deps_scorecard for repo_id 131560: duplicate key value violates unique constraint "deps-scorecard-insert-unique"
NOTICE:  Handled error in augur_data.repo_deps_scorecard for repo_id 37285: duplicate key value violates unique constraint "deps-scorecard-insert-unique"
NOTICE:  Handled error in augur_data.repo_dependencies for repo_id 37285: duplicate key value violates unique constraint "deps-insert-unique"
NOTICE:  Handled error in augur_data.repo_deps_scorecard for repo_id 52825: duplicate key value violates unique constraint "deps-scorecard-insert-unique"
NOTICE:  Handled error in augur_data.repo_deps_scorecard for repo_id 51789: duplicate key value violates unique constraint "deps-scorecard-insert-unique"
NOTICE:  Handled error in augur_data.repo_deps_scorecard for repo_id 128888: duplicate key value violates unique constraint "deps-scorecard-insert-unique"
NOTICE:  Handled error in augur_data.repo_deps_scorecard for repo_id 139261: duplicate key value violates unique constraint "deps-scorecard-insert-unique"
NOTICE:  Handled error in augur_data.repo_deps_scorecard for repo_id 37796: duplicate key value violates unique constraint "deps-scorecard-insert-unique"
NOTICE:  Handled error in augur_data.repo_deps_scorecard for repo_id 139026: duplicate key value violates unique constraint "deps-scorecard-insert-unique"
NOTICE:  Handled error in augur_data.repo_deps_scorecard for repo_id 139028: duplicate key value violates unique constraint "deps-scorecard-insert-unique"
NOTICE:  Handled error in augur_data.repo_deps_scorecard for repo_id 138724: duplicate key value violates unique constraint "deps-scorecard-insert-unique"
NOTICE:  Handled error in augur_data.repo_deps_scorecard for repo_id 138712: duplicate key value violates unique constraint "deps-scorecard-insert-unique"
NOTICE:  Handled error in augur_data.repo_deps_scorecard for repo_id 138830: duplicate key value violates unique constraint "deps-scorecard-insert-unique"
NOTICE:  Handled error in augur_data.repo_deps_scorecard for repo_id 139042: duplicate key value violates unique constraint "deps-scorecard-insert-unique"
NOTICE:  Handled error in augur_data.repo_deps_scorecard for repo_id 139262: duplicate key value violates unique constraint "deps-scorecard-insert-unique"
NOTICE:  Handled error in augur_data.repo_deps_scorecard for repo_id 138797: duplicate key value violates unique constraint "deps-scorecard-insert-unique"
NOTICE:  Handled error in augur_data.repo_deps_scorecard for repo_id 138770: duplicate key value violates unique constraint "deps-scorecard-insert-unique"
NOTICE:  Handled error in augur_data.repo_deps_scorecard for repo_id 138720: duplicate key value violates unique constraint "deps-scorecard-insert-unique"
NOTICE:  Handled error in augur_data.repo_deps_scorecard for repo_id 138741: duplicate key value violates unique constraint "deps-scorecard-insert-unique"
NOTICE:  Handled error in augur_data.repo_deps_scorecard for repo_id 138746: duplicate key value violates unique constraint "deps-scorecard-insert-unique"
NOTICE:  Handled error in augur_data.repo_deps_scorecard for repo_id 138754: duplicate key value violates unique constraint "deps-scorecard-insert-unique"
NOTICE:  Handled error in augur_data.repo_deps_scorecard for repo_id 138768: duplicate key value violates unique constraint "deps-scorecard-insert-unique"
NOTICE:  Handled error in augur_data.repo_deps_scorecard for repo_id 138772: duplicate key value violates unique constraint "deps-scorecard-insert-unique"
NOTICE:  Handled error in augur_data.repo_deps_scorecard for repo_id 138779: duplicate key value violates unique constraint "deps-scorecard-insert-unique"
NOTICE:  Handled error in augur_data.repo_deps_scorecard for repo_id 138801: duplicate key value violates unique constraint "deps-scorecard-insert-unique"
NOTICE:  Handled error in augur_data.repo_deps_scorecard for repo_id 138807: duplicate key value violates unique constraint "deps-scorecard-insert-unique"
NOTICE:  Handled error in augur_data.repo_deps_scorecard for repo_id 47522: duplicate key value violates unique constraint "deps-scorecard-insert-unique"
NOTICE:  Handled error in augur_data.repo_deps_scorecard for repo_id 47590: duplicate key value violates unique constraint "deps-scorecard-insert-unique"
NOTICE:  Handled error in augur_data.repo_deps_scorecard for repo_id 47604: duplicate key value violates unique constraint "deps-scorecard-insert-unique"
NOTICE:  Handled error in augur_data.repo_deps_scorecard for repo_id 47598: duplicate key value violates unique constraint "deps-scorecard-insert-unique"
NOTICE:  Handled error in augur_data.repo_deps_scorecard for repo_id 138816: duplicate key value violates unique constraint "deps-scorecard-insert-unique"
NOTICE:  Handled error in augur_data.repo_deps_scorecard for repo_id 53083: duplicate key value violates unique constraint "deps-scorecard-insert-unique"
NOTICE:  Handled error in augur_data.repo_deps_scorecard for repo_id 139031: duplicate key value violates unique constraint "deps-scorecard-insert-unique"
NOTICE:  Handled error in augur_data.repo_deps_scorecard for repo_id 51326: duplicate key value violates unique constraint "deps-scorecard-insert-unique"
NOTICE:  Handled error in augur_data.repo_deps_scorecard for repo_id 139050: duplicate key value violates unique constraint "deps-scorecard-insert-unique"
NOTICE:  Handled error in augur_data.repo_deps_scorecard for repo_id 128883: duplicate key value violates unique constraint "deps-scorecard-insert-unique"
NOTICE:  Handled error in augur_data.repo_deps_scorecard for repo_id 128889: duplicate key value violates unique constraint "deps-scorecard-insert-unique"
NOTICE:  Handled error in augur_data.repo_deps_scorecard for repo_id 128890: duplicate key value violates unique constraint "deps-scorecard-insert-unique"
NOTICE:  Handled error in augur_data.repo_deps_scorecard for repo_id 139257: duplicate key value violates unique constraint "deps-scorecard-insert-unique"
NOTICE:  Handled error in augur_data.repo_deps_scorecard for repo_id 232457: duplicate key value violates unique constraint "deps-scorecard-insert-unique"
NOTICE:  Handled error in augur_data.repo_deps_scorecard for repo_id 53189: duplicate key value violates unique constraint "deps-scorecard-insert-unique"
NOTICE:  Handled error in augur_data.repo_deps_scorecard for repo_id 39485: duplicate key value violates unique constraint "deps-scorecard-insert-unique"
NOTICE:  Handled error in augur_data.repo_deps_scorecard for repo_id 55707: duplicate key value violates unique constraint "deps-scorecard-insert-unique"
NOTICE:  Handled error in augur_data.repo_deps_scorecard for repo_id 139278: duplicate key value violates unique constraint "deps-scorecard-insert-unique"
NOTICE:  Handled error in augur_data.repo_deps_scorecard for repo_id 139273: duplicate key value violates unique constraint "deps-scorecard-insert-unique"
NOTICE:  Handled error in augur_data.repo_deps_scorecard for repo_id 139289: duplicate key value violates unique constraint "deps-scorecard-insert-unique"
NOTICE:  Handled error in augur_data.repo_deps_scorecard for repo_id 139288: duplicate key value violates unique constraint "deps-scorecard-insert-unique"
NOTICE:  Handled error in augur_data.repo_deps_scorecard for repo_id 139871: duplicate key value violates unique constraint "deps-scorecard-insert-unique"
NOTICE:  Handled error in augur_data.repo_deps_scorecard for repo_id 46901: duplicate key value violates unique constraint "deps-scorecard-insert-unique"
NOTICE:  Handled error in augur_data.repo_deps_scorecard for repo_id 52292: duplicate key value violates unique constraint "deps-scorecard-insert-unique"
NOTICE:  Handled error in augur_data.repo_deps_scorecard for repo_id 47629: duplicate key value violates unique constraint "deps-scorecard-insert-unique"
NOTICE:  Handled error in augur_data.repo_deps_scorecard for repo_id 47619: duplicate key value violates unique constraint "deps-scorecard-insert-unique"
NOTICE:  Handled error in augur_data.repo_deps_scorecard for repo_id 50389: duplicate key value violates unique constraint "deps-scorecard-insert-unique"
NOTICE:  Handled error in augur_data.repo_deps_scorecard for repo_id 157020: duplicate key value violates unique constraint "deps-scorecard-insert-unique"
NOTICE:  Handled error in augur_data.repo_deps_scorecard for repo_id 162160: duplicate key value violates unique constraint "deps-scorecard-insert-unique"
NOTICE:  Handled error in augur_data.repo_dependencies for repo_id 162160: duplicate key value violates unique constraint "deps-insert-unique"
NOTICE:  Fallback delete from augur_data.pull_requests for repo_id 36598 failed: update or delete on table "pull_request_reviews" violates foreign key constraint "fk_pull_request_review_message_ref_pull_request_reviews_1" on table "pull_request_review_message_ref"
NOTICE:  Handled error in augur_data.pull_requests for repo_id 36598: duplicate key value violates unique constraint "unique-pr"
NOTICE:  Handled error in augur_data.issues for repo_id 36598: duplicate key value violates unique constraint "unique-issue"
NOTICE:  Handled error in augur_data.repo_deps_libyear for repo_id 36598: duplicate key value violates unique constraint "deps-libyear-insert-unique"
NOTICE:  Handled error in augur_data.repo_deps_scorecard for repo_id 36598: duplicate key value violates unique constraint "deps-scorecard-insert-unique"
NOTICE:  Handled error in augur_data.repo_dependencies for repo_id 36598: duplicate key value violates unique constraint "deps-insert-unique"
NOTICE:  Fallback delete from augur_data.repo for repo_id 36598 failed: update or delete on table "pull_request_reviews" violates foreign key constraint "fk_pull_request_review_message_ref_pull_request_reviews_1" on table "pull_request_review_message_ref"
NOTICE:  Handled error in augur_data.repo for repo_id 36598: update or delete on table "pull_request_reviews" violates foreign key constraint "fk_pull_request_review_message_ref_pull_request_reviews_1" on table "pull_request_review_message_ref"
NOTICE:  Handled error in augur_data.repo_deps_scorecard for repo_id 163211: duplicate key value violates unique constraint "deps-scorecard-insert-unique"
NOTICE:  Fallback delete from augur_data.pull_requests for repo_id 149077 failed: update or delete on table "pull_request_reviews" violates foreign key constraint "fk_pull_request_review_message_ref_pull_request_reviews_1" on table "pull_request_review_message_ref"
NOTICE:  Handled error in augur_data.pull_requests for repo_id 149077: duplicate key value violates unique constraint "unique-pr"
NOTICE:  Handled error in augur_data.issues for repo_id 149077: duplicate key value violates unique constraint "unique-issue"
NOTICE:  Handled error in augur_data.repo_deps_scorecard for repo_id 149077: duplicate key value violates unique constraint "deps-scorecard-insert-unique"
NOTICE:  Fallback delete from augur_data.repo for repo_id 149077 failed: update or delete on table "pull_request_reviews" violates foreign key constraint "fk_pull_request_review_message_ref_pull_request_reviews_1" on table "pull_request_review_message_ref"
NOTICE:  Handled error in augur_data.repo for repo_id 149077: update or delete on table "pull_request_reviews" violates foreign key constraint "fk_pull_request_review_message_ref_pull_request_reviews_1" on table "pull_request_review_message_ref"
NOTICE:  Handled error in augur_data.repo_deps_scorecard for repo_id 163331: duplicate key value violates unique constraint "deps-scorecard-insert-unique"
NOTICE:  Handled error in augur_data.repo_dependencies for repo_id 163331: duplicate key value violates unique constraint "deps-insert-unique"
NOTICE:  Handled error in augur_data.pull_requests for repo_id 166067: duplicate key value violates unique constraint "unique-pr"
NOTICE:  Handled error in augur_data.repo_deps_scorecard for repo_id 166067: duplicate key value violates unique constraint "deps-scorecard-insert-unique"
NOTICE:  Handled error in augur_data.repo_deps_scorecard for repo_id 189828: duplicate key value violates unique constraint "deps-scorecard-insert-unique"
NOTICE:  Handled error in augur_data.repo_deps_scorecard for repo_id 190485: duplicate key value violates unique constraint "deps-scorecard-insert-unique"
NOTICE:  Fallback delete from augur_data.pull_requests for repo_id 36237 failed: update or delete on table "pull_request_reviews" violates foreign key constraint "fk_pull_request_review_message_ref_pull_request_reviews_1" on table "pull_request_review_message_ref"
NOTICE:  Handled error in augur_data.pull_requests for repo_id 36237: duplicate key value violates unique constraint "unique-pr"
NOTICE:  Handled error in augur_data.issues for repo_id 36237: duplicate key value violates unique constraint "unique-issue"
NOTICE:  Fallback delete from augur_data.repo for repo_id 36237 failed: update or delete on table "pull_request_reviews" violates foreign key constraint "fk_pull_request_review_message_ref_pull_request_reviews_1" on table "pull_request_review_message_ref"
NOTICE:  Handled error in augur_data.repo for repo_id 36237: update or delete on table "pull_request_reviews" violates foreign key constraint "fk_pull_request_review_message_ref_pull_request_reviews_1" on table "pull_request_review_message_ref"
NOTICE:  Handled error in augur_data.repo_deps_scorecard for repo_id 189850: duplicate key value violates unique constraint "deps-scorecard-insert-unique"
NOTICE:  Handled error in augur_data.repo_deps_scorecard for repo_id 38933: duplicate key value violates unique constraint "deps-scorecard-insert-unique"
NOTICE:  Handled error in augur_data.repo_dependencies for repo_id 38933: duplicate key value violates unique constraint "deps-insert-unique"
NOTICE:  Handled error in augur_data.repo_deps_scorecard for repo_id 163218: duplicate key value violates unique constraint "deps-scorecard-insert-unique"
NOTICE:  Handled error in augur_data.repo_deps_libyear for repo_id 191232: duplicate key value violates unique constraint "deps-libyear-insert-unique"
NOTICE:  Handled error in augur_data.repo_deps_scorecard for repo_id 191232: duplicate key value violates unique constraint "deps-scorecard-insert-unique"
NOTICE:  Handled error in augur_data.repo_dependencies for repo_id 191232: duplicate key value violates unique constraint "deps-insert-unique"
NOTICE:  Handled error in augur_data.repo_deps_scorecard for repo_id 191253: duplicate key value violates unique constraint "deps-scorecard-insert-unique"
NOTICE:  Handled error in augur_data.repo_deps_scorecard for repo_id 190320: duplicate key value violates unique constraint "deps-scorecard-insert-unique"
NOTICE:  Handled error in augur_data.repo_deps_scorecard for repo_id 191267: duplicate key value violates unique constraint "deps-scorecard-insert-unique"
NOTICE:  Handled error in augur_data.repo_deps_scorecard for repo_id 195334: duplicate key value violates unique constraint "deps-scorecard-insert-unique"
NOTICE:  Handled error in augur_data.repo_deps_scorecard for repo_id 195519: duplicate key value violates unique constraint "deps-scorecard-insert-unique"
NOTICE:  Handled error in augur_data.repo_deps_libyear for repo_id 195981: duplicate key value violates unique constraint "deps-libyear-insert-unique"
NOTICE:  Handled error in augur_data.repo_deps_scorecard for repo_id 195981: duplicate key value violates unique constraint "deps-scorecard-insert-unique"
NOTICE:  Handled error in augur_data.repo_dependencies for repo_id 195981: duplicate key value violates unique constraint "deps-insert-unique"
NOTICE:  Handled error in augur_data.repo_deps_libyear for repo_id 196032: duplicate key value violates unique constraint "deps-libyear-insert-unique"
NOTICE:  Handled error in augur_data.repo_deps_scorecard for repo_id 196032: duplicate key value violates unique constraint "deps-scorecard-insert-unique"
NOTICE:  Handled error in augur_data.repo_dependencies for repo_id 196032: duplicate key value violates unique constraint "deps-insert-unique"
NOTICE:  Handled error in augur_data.repo_deps_libyear for repo_id 196085: duplicate key value violates unique constraint "deps-libyear-insert-unique"
NOTICE:  Handled error in augur_data.repo_deps_scorecard for repo_id 196085: duplicate key value violates unique constraint "deps-scorecard-insert-unique"
NOTICE:  Handled error in augur_data.repo_deps_scorecard for repo_id 196169: duplicate key value violates unique constraint "deps-scorecard-insert-unique"
NOTICE:  Handled error in augur_data.repo_deps_scorecard for repo_id 196171: duplicate key value violates unique constraint "deps-scorecard-insert-unique"
NOTICE:  Handled error in augur_data.repo_deps_scorecard for repo_id 196172: duplicate key value violates unique constraint "deps-scorecard-insert-unique"
NOTICE:  Handled error in augur_data.repo_deps_scorecard for repo_id 232139: duplicate key value violates unique constraint "deps-scorecard-insert-unique"
NOTICE:  Handled error in augur_data.repo_deps_scorecard for repo_id 138744: duplicate key value violates unique constraint "deps-scorecard-insert-unique"
NOTICE:  Handled error in augur_data.repo_deps_scorecard for repo_id 139038: duplicate key value violates unique constraint "deps-scorecard-insert-unique"
NOTICE:  Handled error in augur_data.repo_deps_scorecard for repo_id 204113: duplicate key value violates unique constraint "deps-scorecard-insert-unique"
NOTICE:  Handled error in augur_data.repo_deps_scorecard for repo_id 138684: duplicate key value violates unique constraint "deps-scorecard-insert-unique"
NOTICE:  Handled error in augur_data.repo_deps_scorecard for repo_id 138646: duplicate key value violates unique constraint "deps-scorecard-insert-unique"
NOTICE:  Handled error in augur_data.repo_deps_scorecard for repo_id 138731: duplicate key value violates unique constraint "deps-scorecard-insert-unique"
NOTICE:  Handled error in augur_data.repo_deps_scorecard for repo_id 49981: duplicate key value violates unique constraint "deps-scorecard-insert-unique"
NOTICE:  Fallback delete from augur_data.pull_requests for repo_id 165630 failed: update or delete on table "pull_request_reviews" violates foreign key constraint "fk_pull_request_review_message_ref_pull_request_reviews_1" on table "pull_request_review_message_ref"
NOTICE:  Handled error in augur_data.pull_requests for repo_id 165630: duplicate key value violates unique constraint "unique-pr"
NOTICE:  Handled error in augur_data.issues for repo_id 165630: duplicate key value violates unique constraint "unique-issue"
NOTICE:  Handled error in augur_data.repo_deps_scorecard for repo_id 165630: duplicate key value violates unique constraint "deps-scorecard-insert-unique"
NOTICE:  Fallback delete from augur_data.repo for repo_id 165630 failed: update or delete on table "pull_request_reviews" violates foreign key constraint "fk_pull_request_review_message_ref_pull_request_reviews_1" on table "pull_request_review_message_ref"
NOTICE:  Handled error in augur_data.repo for repo_id 165630: update or delete on table "pull_request_reviews" violates foreign key constraint "fk_pull_request_review_message_ref_pull_request_reviews_1" on table "pull_request_review_message_ref"
NOTICE:  Handled error in augur_data.repo_deps_libyear for repo_id 292916: duplicate key value violates unique constraint "deps-libyear-insert-unique"
NOTICE:  Handled error in augur_data.repo_dependencies for repo_id 292916: duplicate key value violates unique constraint "deps-insert-unique"
NOTICE:  Handled error in augur_data.repo_deps_scorecard for repo_id 47317: duplicate key value violates unique constraint "deps-scorecard-insert-unique"
NOTICE:  Handled error in augur_data.repo_deps_libyear for repo_id 51367: duplicate key value violates unique constraint "deps-libyear-insert-unique"
NOTICE:  Handled error in augur_data.repo_deps_scorecard for repo_id 51367: duplicate key value violates unique constraint "deps-scorecard-insert-unique"
NOTICE:  Handled error in augur_data.repo_dependencies for repo_id 51367: duplicate key value violates unique constraint "deps-insert-unique"
NOTICE:  Handled error in augur_data.repo_deps_scorecard for repo_id 78413: duplicate key value violates unique constraint "deps-scorecard-insert-unique"
NOTICE:  Handled error in augur_data.repo_deps_scorecard for repo_id 50944: duplicate key value violates unique constraint "deps-scorecard-insert-unique"
NOTICE:  Handled error in augur_data.repo_dependencies for repo_id 50944: duplicate key value violates unique constraint "deps-insert-unique"
NOTICE:  Handled error in augur_data.repo_deps_scorecard for repo_id 52893: duplicate key value violates unique constraint "deps-scorecard-insert-unique"
NOTICE:  Handled error in augur_data.repo_deps_libyear for repo_id 129042: duplicate key value violates unique constraint "deps-libyear-insert-unique"
NOTICE:  Handled error in augur_data.repo_deps_scorecard for repo_id 129042: duplicate key value violates unique constraint "deps-scorecard-insert-unique"
NOTICE:  Handled error in augur_data.repo_dependencies for repo_id 129042: duplicate key value violates unique constraint "deps-insert-unique"
